2021-12-04 19:00:34,220 INFO clinic_app: App initialization
2021-12-04 19:00:34,251 INFO werkzeug:  * Restarting with stat
2021-12-04 19:00:34,785 INFO clinic_app: App initialization
2021-12-04 19:00:34,821 INFO werkzeug:  * Running on http://127.0.0.1:5000/ (Press CTRL+C to quit)
2021-12-04 19:02:00,135 INFO clinic_app: App initialization
2021-12-04 19:02:00,369 INFO werkzeug:  * Restarting with stat
2021-12-04 19:02:00,777 INFO clinic_app: App initialization
2021-12-04 19:02:01,002 WARNING werkzeug:  * Debugger is active!
2021-12-04 19:02:01,010 INFO werkzeug:  * Debugger PIN: 248-785-052
2021-12-04 19:02:01,040 INFO werkzeug:  * Running on http://127.0.0.1:5000/ (Press CTRL+C to quit)
2021-12-04 21:11:35,550 INFO clinic_app: App initialization
2021-12-04 21:11:35,804 INFO werkzeug:  * Restarting with stat
2021-12-04 21:11:36,216 INFO clinic_app: App initialization
2021-12-04 21:11:36,447 WARNING werkzeug:  * Debugger is active!
2021-12-04 21:11:36,450 INFO werkzeug:  * Debugger PIN: 248-785-052
2021-12-04 21:11:36,487 INFO werkzeug:  * Running on http://127.0.0.1:5000/ (Press CTRL+C to quit)
2021-12-04 21:27:43,204 INFO clinic_app: App initialization
2021-12-04 21:29:06,346 INFO clinic_app: App initialization
2021-12-04 21:31:52,273 INFO clinic_app: App initialization
2021-12-04 21:33:33,564 INFO clinic_app: App initialization
2021-12-04 21:33:52,629 INFO clinic_app: App initialization
2021-12-04 21:36:29,270 INFO clinic_app: App initialization
2021-12-04 21:37:56,088 INFO clinic_app: App initialization
2021-12-04 21:40:12,102 INFO clinic_app: App initialization
2021-12-04 21:48:35,353 INFO clinic_app: App initialization
2021-12-04 21:48:47,019 INFO clinic_app: App initialization
2021-12-04 21:48:53,829 INFO clinic_app: App initialization
2021-12-04 22:40:14,415 INFO clinic_app: App initialization
2021-12-04 22:40:24,131 INFO clinic_app: App initialization
2021-12-04 22:40:32,332 INFO clinic_app: App initialization
2021-12-04 22:41:02,718 INFO clinic_app: App initialization
